MPASM  5.51          GOFORWARDANDBACKWARD.ASM   3-10-2014  5:17:15         PAGE  1


LOC  OBJECT CODE     LINE SOURCE TEXT
  VALUE

                      00001 ;goForwardAndBackward.txt
                      00002 ;Moves my robot forward
                      00003 ;@author: Eddie Gurnee
                      00004 ;@version: 3/09/2014
                      00005 ; uncomment following two lines if using 16f627 or 16f628.
                      00006         LIST    p=16F628                ;tell assembler what chip we are using
                      00007         include "P16F628.inc"   ;include the defaults for the chip
                      00001         LIST
                      00002 
                      00003 ;==========================================================================
                      00004 ;  MPASM PIC16F628 processor include
                      00005 ; 
                      00006 ;  (c) Copyright 1999-2013 Microchip Technology, All rights reserved
                      00007 ;==========================================================================
                      00008 
                      00381         LIST
2007   3D18           00008         __config 0x3D18                 ;sets the configuration settings (oscillator type etc.)
                      00009 
                      00010 ; We are telling the assembler we want to start allocating symbolic variables starting
                      00011 ;    at machine location 0x20.
                      00012 
Warning[205]: Found directive in column 1. (cblock)
                      00013 cblock  0x20                    ;start of general purpose registers
  00000020            00014                 dReg1                   ;dReg1 is used in the delay routines
  00000021            00015                 dReg2                   ;dReg2 is used in the delay routines
  00000022            00016                 numMoves                ;number of movement things to do
                      00017         endc
                      00018 
                      00019 ;standard operation for using interrupts
0000                  00020         org 0x00
0000   2805           00021                         goto    main
0004                  00022         org 0x04
0004   2841           00023                         goto    isr
                      00024 
0005                  00025 main
                      00026 
                      00027 ;the following lines turn off the comparators
0005   3007           00028                         movlw   0x07
0006   009F           00029                         movwf   CMCON                   ;turn comparators off (make it like a 16F84)
                      00030                 
                      00031 ;enabled interrupts on B0
0007   178B           00032                         bsf             INTCON, GIE             ;enable interrupts
0008   160B           00033                         bsf             INTCON, INTE    ;B0 is the interrupt line
                      00034         
                      00035 ;We must change memory banks to set the TRIS registers
0009   1683           00036                         bsf             STATUS, RP0
Message[302]: Register in operand not in bank 0.  Ensure that bank bits are correct.
000A   1701           00037                         bsf             0x81, INTEDG    ;rising edge interrupts
000B   3001           00038                         movlw   b'00000001'
Message[302]: Register in operand not in bank 0.  Ensure that bank bits are correct.
000C   0086           00039                         movwf   TRISB                   ;PORTB is output, with RB0 as input (for the int
                            errupt for later)
000D   30F9           00040                         movlw   b'11111001'
MPASM  5.51          GOFORWARDANDBACKWARD.ASM   3-10-2014  5:17:15         PAGE  2


LOC  OBJECT CODE     LINE SOURCE TEXT
  VALUE

Message[302]: Register in operand not in bank 0.  Ensure that bank bits are correct.
000E   0085           00041                         movwf   TRISA                   ;PORTA is input, with RA1 and RA2 for output for
                             the servos
000F   1283           00042                         bcf             STATUS,RP0              ;return to bank 0
                      00043 
                      00044 ;actual code follows here
0010   3050           00045 driveLoop       movlw   0x50
0011   00A2           00046                         movwf   numMoves
                      00047                         
0012   201B           00048 forward         call    goForward
0013   0BA2           00049                         decfsz  numMoves, f
0014   2812           00050                         goto    forward
                      00051                         
0015   3050           00052                         movlw   0x50
0016   00A2           00053                         movwf   numMoves
                      00054                         
0017   2023           00055 backward        call    goBackward
0018   0BA2           00056                         decfsz  numMoves, f
0019   2817           00057                         goto    backward
                      00058                         
001A   2810           00059                         goto    driveLoop
                      00060 
                      00061 ;Subroutine: goForward
                      00062 ;Moves the robot forward by setting the right servo to run clockwise, 
                      00063 ; and the left servo to run counter-clockwise
                      00064 ;Precondition: Left wheel servo is connected to RA2, and right wheel servo is connected to RA1
                      00065 ;Postcondition: Robot moves forward
001B   3006           00066 goForward       movlw   b'00000110'
001C   0085           00067                         movwf   PORTA                   ;runs both servos as high
001D   2036           00068                         call    wait1ms                 ;for 1ms
                      00069                         
001E   1085           00070                         bcf             PORTA, 1                ;turns off right servo
001F   2036           00071                         call    wait1ms                 ;for 1ms
                      00072 
0020   1105           00073                         bcf             PORTA, 2                ;turns of the left servo
                      00074 
0021   202B           00075                         call    waiter                  ;waits for the rest of the required time
0022   0008           00076                         return
                      00077 
                      00078 ;Subroutine: goBackward
                      00079 ;Moves the robot backward by setting the right servo to run counter-clockwise, 
                      00080 ; and the left servo to run clockwise
                      00081 ;Precondition: Left wheel servo is connected to RA2, and right wheel servo is connected to RA1
                      00082 ;Postcondition: Robot moves backward
0023   3006           00083 goBackward      movlw   b'00000110'
0024   0085           00084                         movwf   PORTA                   ;runs both servos as high
0025   2036           00085                         call    wait1ms                 ;for 1ms
                      00086                         
0026   1105           00087                         bcf             PORTA, 2                ;turns off right servo
0027   2036           00088                         call    wait1ms                 ;for 1ms
                      00089 
0028   1085           00090                         bcf             PORTA, 1                ;turns of the left servo
                      00091 
MPASM  5.51          GOFORWARDANDBACKWARD.ASM   3-10-2014  5:17:15         PAGE  3


LOC  OBJECT CODE     LINE SOURCE TEXT
  VALUE

0029   202B           00092                         call    waiter                  ;waits for the rest of the required time
002A   0008           00093                         return
                      00094 
                      00095 ;Subroutine: waiter
                      00096 ;Pauses for 19500 µs, allowing the dude to move correctly
                      00097 ;Precondition: There exists registers to hold data for the delays
                      00098 ;Postcondition: 19500 instruction cycles have passed
002B   303A           00099 waiter          movlw   0x3A                    ;19493 cycles
002C   00A0           00100                         movwf   dReg1
002D   3010           00101                         movlw   0x10
002E   00A1           00102                         movwf   dReg2
002F   0BA0           00103 waiter_in       decfsz  dReg1, f
0030   2832           00104                         goto    $+2
0031   0BA1           00105                         decfsz  dReg2, f
0032   282F           00106                         goto    waiter_in
                      00107                         
0033   2834           00108                         goto    $+1                             ;3 cycles
0034   0000           00109                         nop
                      00110                         
0035   0008           00111                         return                                  ;4 cycles (including call)
                      00112                         
                      00113 ;Subroutine: wait1ms
                      00114 ;Pauses for 1ms, allowing the dude to move correctly
                      00115 ;Precondition: There exists registers to hold data for the delays
                      00116 ;Postcondition: 1ms has passed  
0036   30C6           00117 wait1ms         movlw   0xC6                    ;993 cycles
0037   00A0           00118                         movwf   dReg1
0038   3001           00119                         movlw   0x01
0039   00A1           00120                         movwf   dReg2
003A   0BA0           00121 wait1ms_in      decfsz  dReg1, f
003B   283D           00122                         goto    $+2
003C   0BA1           00123                         decfsz  dReg2, f
003D   283A           00124                         goto    wait1ms_in
                      00125                         
003E   283F           00126                         goto    $+1                             ;3 cycles
003F   0000           00127                         nop
                      00128                         
0040   0008           00129                         return                                  ;4 cycles (including call)
                      00130                         
                      00131 ;all the interrupts
0041   108B           00132 isr                     bcf             INTCON, INTF
                      00133 
0042   0009           00134                         retfie
                      00135 ; don't forget the word 'end' (it ends the code)
                      00136         end
MPASM  5.51          GOFORWARDANDBACKWARD.ASM   3-10-2014  5:17:15         PAGE  4


SYMBOL TABLE
  LABEL                             VALUE 

ADDEN                             00000003
ADEN                              00000003
BRGH                              00000002
C                                 00000000
C1INV                             00000004
C1OUT                             00000006
C2INV                             00000005
C2OUT                             00000007
CCP1CON                           00000017
CCP1IE                            00000002
CCP1IF                            00000002
CCP1M0                            00000000
CCP1M1                            00000001
CCP1M2                            00000002
CCP1M3                            00000003
CCP1X                             00000005
CCP1Y                             00000004
CCPR1                             00000015
CCPR1H                            00000016
CCPR1L                            00000015
CIS                               00000003
CM0                               00000000
CM1                               00000001
CM2                               00000002
CMCON                             0000001F
CMIE                              00000006
CMIF                              00000006
CREN                              00000004
CSRC                              00000007
DATA_CP_OFF                       00003FFF
DATA_CP_ON                        00003EFF
DC                                00000001
EEADR                             0000009B
EECON1                            0000009C
EECON2                            0000009D
EEDATA                            0000009A
EEIE                              00000007
EEIF                              00000007
F                                 00000001
FERR                              00000002
FSR                               00000004
GIE                               00000007
INDF                              00000000
INTCON                            0000000B
INTE                              00000004
INTEDG                            00000006
INTF                              00000001
IRP                               00000007
NOT_BO                            00000000
NOT_BOD                           00000000
NOT_BOR                           00000000
NOT_PD                            00000003
NOT_POR                           00000001
MPASM  5.51          GOFORWARDANDBACKWARD.ASM   3-10-2014  5:17:15         PAGE  5


SYMBOL TABLE
  LABEL                             VALUE 

NOT_RBPU                          00000007
NOT_T1SYNC                        00000002
NOT_TO                            00000004
OERR                              00000001
OPTION_REG                        00000081
OSCF                              00000003
PCL                               00000002
PCLATH                            0000000A
PCON                              0000008E
PEIE                              00000006
PIE1                              0000008C
PIR1                              0000000C
PORTA                             00000005
PORTB                             00000006
PR2                               00000092
PS0                               00000000
PS1                               00000001
PS2                               00000002
PSA                               00000003
RA0                               00000000
RA1                               00000001
RA2                               00000002
RA3                               00000003
RA4                               00000004
RA5                               00000005
RA6                               00000006
RA7                               00000007
RB0                               00000000
RB1                               00000001
RB2                               00000002
RB3                               00000003
RB4                               00000004
RB5                               00000005
RB6                               00000006
RB7                               00000007
RBIE                              00000003
RBIF                              00000000
RCIE                              00000005
RCIF                              00000005
RCREG                             0000001A
RCSTA                             00000018
RD                                00000000
RP0                               00000005
RP1                               00000006
RX9                               00000006
RX9D                              00000000
SPBRG                             00000099
SPEN                              00000007
SREN                              00000005
STATUS                            00000003
SYNC                              00000004
T0CS                              00000005
T0IE                              00000005
MPASM  5.51          GOFORWARDANDBACKWARD.ASM   3-10-2014  5:17:15         PAGE  6


SYMBOL TABLE
  LABEL                             VALUE 

T0IF                              00000002
T0SE                              00000004
T1CKPS0                           00000004
T1CKPS1                           00000005
T1CON                             00000010
T1OSCEN                           00000003
T2CKPS0                           00000000
T2CKPS1                           00000001
T2CON                             00000012
TMR0                              00000001
TMR0IE                            00000005
TMR0IF                            00000002
TMR1                              0000000E
TMR1CS                            00000001
TMR1H                             0000000F
TMR1IE                            00000000
TMR1IF                            00000000
TMR1L                             0000000E
TMR1ON                            00000000
TMR2                              00000011
TMR2IE                            00000001
TMR2IF                            00000001
TMR2ON                            00000002
TOUTPS0                           00000003
TOUTPS1                           00000004
TOUTPS2                           00000005
TOUTPS3                           00000006
TRISA                             00000085
TRISA0                            00000000
TRISA1                            00000001
TRISA2                            00000002
TRISA3                            00000003
TRISA4                            00000004
TRISA5                            00000005
TRISA6                            00000006
TRISA7                            00000007
TRISB                             00000086
TRISB0                            00000000
TRISB1                            00000001
TRISB2                            00000002
TRISB3                            00000003
TRISB4                            00000004
TRISB5                            00000005
TRISB6                            00000006
TRISB7                            00000007
TRMT                              00000001
TX9                               00000006
TX9D                              00000000
TXEN                              00000005
TXIE                              00000004
TXIF                              00000004
TXREG                             00000019
TXSTA                             00000098
MPASM  5.51          GOFORWARDANDBACKWARD.ASM   3-10-2014  5:17:15         PAGE  7


SYMBOL TABLE
  LABEL                             VALUE 

VR0                               00000000
VR1                               00000001
VR2                               00000002
VR3                               00000003
VRCON                             0000009F
VREN                              00000007
VROE                              00000006
VRR                               00000005
W                                 00000000
WR                                00000001
WREN                              00000002
WRERR                             00000003
Z                                 00000002
_BODEN_OFF                        00003FBF
_BODEN_ON                         00003FFF
_BOREN_OFF                        00003FBF
_BOREN_ON                         00003FFF
_CONFIG                           00002007
_CPD_OFF                          00003FFF
_CPD_ON                           00003EFF
_CP_50                            00002BFF
_CP_75                            000017FF
_CP_ALL                           000003FF
_CP_OFF                           00003FFF
_DEVID1                           00002006
_ER_OSC_CLKOUT                    00003FFF
_ER_OSC_NOCLKOUT                  00003FFE
_EXTCLK_OSC                       00003FEF
_FOSC_ECIO                        00003FEF
_FOSC_ERCLK                       00003FFF
_FOSC_ERIO                        00003FFE
_FOSC_HS                          00003FEE
_FOSC_INTOSCCLK                   00003FFD
_FOSC_INTOSCIO                    00003FFC
_FOSC_LP                          00003FEC
_FOSC_XT                          00003FED
_HS_OSC                           00003FEE
_IDLOC0                           00002000
_IDLOC1                           00002001
_IDLOC2                           00002002
_IDLOC3                           00002003
_INTRC_OSC_CLKOUT                 00003FFD
_INTRC_OSC_NOCLKOUT               00003FFC
_LP_OSC                           00003FEC
_LVP_OFF                          00003F7F
_LVP_ON                           00003FFF
_MCLRE_OFF                        00003FDF
_MCLRE_ON                         00003FFF
_PWRTE_OFF                        00003FFF
_PWRTE_ON                         00003FF7
_WDTE_OFF                         00003FFB
_WDTE_ON                          00003FFF
_WDT_OFF                          00003FFB
MPASM  5.51          GOFORWARDANDBACKWARD.ASM   3-10-2014  5:17:15         PAGE  8


SYMBOL TABLE
  LABEL                             VALUE 

_WDT_ON                           00003FFF
_XT_OSC                           00003FED
__16F628                          00000001
backward                          00000017
dReg1                             00000020
dReg2                             00000021
driveLoop                         00000010
forward                           00000012
goBackward                        00000023
goForward                         0000001B
isr                               00000041
main                              00000005
numMoves                          00000022
wait1ms                           00000036
wait1ms_in                        0000003A
waiter                            0000002B
waiter_in                         0000002F


MEMORY USAGE MAP ('X' = Used,  '-' = Unused)

0000 : X---XXXXXXXXXXXX XXXXXXXXXXXXXXXX XXXXXXXXXXXXXXXX XXXXXXXXXXXXXXXX
0040 : XXX------------- ---------------- ---------------- ----------------
2000 : -------X-------- ---------------- ---------------- ----------------

All other memory blocks unused.

Program Memory Words Used:    64
Program Memory Words Free:  1984


Errors   :     0
Warnings :     1 reported,     0 suppressed
Messages :     3 reported,     0 suppressed

