MPASM  5.51               PRACTICETURNING.ASM   3-10-2014  5:17:03         PAGE  1


LOC  OBJECT CODE     LINE SOURCE TEXT
  VALUE

                      00001 ;practiceTurning.txt
                      00002 ;The robot turns right ~90°, turns left ~90°, turns right ~180°, turns left ~180°, then repeats
                      00003 ;@author: Eddie Gurnee
                      00004 ;@version: 3/09/2014
                      00005 ; uncomment following two lines if using 16f627 or 16f628.
                      00006         LIST    p=16F628                ;tell assembler what chip we are using
                      00007         include "P16F628.inc"   ;include the defaults for the chip
                      00001         LIST
                      00002 
                      00003 ;==========================================================================
                      00004 ;  MPASM PIC16F628 processor include
                      00005 ; 
                      00006 ;  (c) Copyright 1999-2013 Microchip Technology, All rights reserved
                      00007 ;==========================================================================
                      00008 
                      00381         LIST
2007   3D18           00008         __config 0x3D18                 ;sets the configuration settings (oscillator type etc.)
                      00009 
                      00010 ; We are telling the assembler we want to start allocating symbolic variables starting
                      00011 ;    at machine location 0x20.
                      00012 
Warning[205]: Found directive in column 1. (cblock)
                      00013 cblock  0x20                    ;start of general purpose registers
  00000020            00014                 dReg1                   ;dReg1 is used in the delay routines
  00000021            00015                 dReg2                   ;dReg2 is used in the delay routines
  00000022            00016                 numTurns                ;used to track number of times rotated
                      00017         endc
                      00018 
0000                  00019         org 0x00
0000   2805           00020                         goto    main
                      00021                 
0004                  00022         org 0x04
0004   2845           00023                         goto    isr
                      00024                 
0005                  00025 main
                      00026 ;the following lines turn off the comparators
0005   3007           00027                         movlw   0x07
0006   009F           00028                         movwf   CMCON           ;turn comparators off (make it like a 16F84)
                      00029         
                      00030 ;enabled interrupts on B0
0007   178B           00031                         bsf             INTCON, GIE             ;enable interrupts
0008   160B           00032                         bsf             INTCON, INTE            ;B0 is the interrupt line
                      00033         
                      00034 ;We must change memory banks to set the TRIS registers
0009   1683           00035                         bsf             STATUS, RP0
Message[302]: Register in operand not in bank 0.  Ensure that bank bits are correct.
000A   1701           00036                         bsf             0x81, INTEDG    ;rising edge interrupts
000B   3001           00037                         movlw   b'00000001'
Message[302]: Register in operand not in bank 0.  Ensure that bank bits are correct.
000C   0086           00038                         movwf   TRISB                   ;PORTB is output, with RB0 as input (for the int
                            errupt for later)
000D   30F9           00039                         movlw   b'11111001'
Message[302]: Register in operand not in bank 0.  Ensure that bank bits are correct.
MPASM  5.51               PRACTICETURNING.ASM   3-10-2014  5:17:03         PAGE  2


LOC  OBJECT CODE     LINE SOURCE TEXT
  VALUE

000E   0085           00040                         movwf   TRISA                   ;PORTA is input, with RA1 and RA2 for output for
                             the servos
000F   1283           00041                         bcf             STATUS, RP0             ;return to bank 0
                      00042 
                      00043 ;actual code for the program follows here
0010   2017           00044 turnLoop        call    turnRight
0011   2023           00045                         call    turnLeft
0012   2017           00046                         call    turnRight
0013   2017           00047                         call    turnRight
0014   2023           00048                         call    turnLeft
0015   2023           00049                         call    turnLeft
0016   2810           00050                         goto    turnLoop
                      00051 
                      00052 ;Subroutine: turnRight
                      00053 ;Rotates the robot to the right ~90°
                      00054 ;Precondition: wait1ms and waiter subroutines exist, and the robot is connected correctly
                      00055 ;Postcondition: the robot will have turned ~90° to the right
0017   3020           00056 turnRight       movlw   0x20                    ;x20 times is close enough to 90° for me
0018   00A2           00057                         movwf   numTurns
0019   3006           00058 rightStart      movlw   b'00000110'
001A   0085           00059                         movwf   PORTA
001B   203A           00060                         call    wait1ms
001C   203A           00061                         call    wait1ms                 ;waits for 2ms (forward full speed for both)
                      00062 
001D   3000           00063                         movlw   0x00
001E   0085           00064                         movwf   PORTA
                      00065 
001F   202F           00066                         call    waiter
0020   0BA2           00067                         decfsz  numTurns, f
0021   2819           00068                         goto    rightStart
                      00069                         
0022   0008           00070                         return
                      00071                         
                      00072 ;Subroutine: turnLeft
                      00073 ;Rotates the robot to the left ~90°
                      00074 ;Precondition: wait1ms and waiter subroutines exist, and the robot is connected correctly
                      00075 ;Postcondition: the robot will have turned ~90° to the left
0023   3020           00076 turnLeft        movlw   0x20                    ;x20 times is close enough to 90° for me
0024   00A2           00077                         movwf   numTurns
0025   3006           00078 leftStart       movlw   b'00000110'
0026   0085           00079                         movwf   PORTA
0027   203A           00080                         call    wait1ms                 ;waits for 1ms (reverse full speed for both)
                      00081 
0028   3000           00082                         movlw   0x00
0029   0085           00083                         movwf   PORTA
                      00084 
002A   203A           00085                         call    wait1ms                 ;waits for 1ms to keep the time between turing r
                            ight and left the same
002B   202F           00086                         call    waiter
002C   0BA2           00087                         decfsz  numTurns, f
002D   2825           00088                         goto    leftStart
                      00089 
002E   0008           00090                         return
MPASM  5.51               PRACTICETURNING.ASM   3-10-2014  5:17:03         PAGE  3


LOC  OBJECT CODE     LINE SOURCE TEXT
  VALUE

                      00091 
                      00092 ;Subroutine: waiter
                      00093 ;Pauses for 19500 µs, allowing the dude to move correctly
                      00094 ;Precondition: There exists registers to hold data for the delays
                      00095 ;Postcondition: 19500 instruction cycles have passed
002F   303A           00096 waiter          movlw   0x3A                    ;19493 cycles
0030   00A0           00097                         movwf   dReg1
0031   3010           00098                         movlw   0x10
0032   00A1           00099                         movwf   dReg2
0033   0BA0           00100 waiter_in       decfsz  dReg1, f
0034   2836           00101                         goto    $+2
0035   0BA1           00102                         decfsz  dReg2, f
0036   2833           00103                         goto    waiter_in
                      00104                         
0037   2838           00105                         goto    $+1                             ;3 cycles
0038   0000           00106                         nop
                      00107                         
0039   0008           00108                         return                                  ;4 cycles (including call)
                      00109                         
                      00110 ;Subroutine: wait1ms
                      00111 ;Pauses for 1ms, allowing the dude to move correctly
                      00112 ;Precondition: There exists registers to hold data for the delays
                      00113 ;Postcondition: 1ms has passed  
003A   30C6           00114 wait1ms         movlw   0xC6                    ;993 cycles
003B   00A0           00115                         movwf   dReg1
003C   3001           00116                         movlw   0x01
003D   00A1           00117                         movwf   dReg2
003E   0BA0           00118 wait1ms_in      decfsz  dReg1, f
003F   2841           00119                         goto    $+2
0040   0BA1           00120                         decfsz  dReg2, f
0041   283E           00121                         goto    wait1ms_in
                      00122                         
0042   2843           00123                         goto    $+1                             ;3 cycles
0043   0000           00124                         nop
                      00125                         
0044   0008           00126                         return                                  ;4 cycles (including call)
                      00127                         
                      00128 ;all of the interrupt data follows here
0045   108B           00129 isr                     bcf             INTCON, INTF
                      00130 
0046   0009           00131                         retfie
                      00132 
                      00133 ; don't forget the word 'end' (it ends the code)
                      00134         end
MPASM  5.51               PRACTICETURNING.ASM   3-10-2014  5:17:03         PAGE  4


SYMBOL TABLE
  LABEL                             VALUE 

ADDEN                             00000003
ADEN                              00000003
BRGH                              00000002
C                                 00000000
C1INV                             00000004
C1OUT                             00000006
C2INV                             00000005
C2OUT                             00000007
CCP1CON                           00000017
CCP1IE                            00000002
CCP1IF                            00000002
CCP1M0                            00000000
CCP1M1                            00000001
CCP1M2                            00000002
CCP1M3                            00000003
CCP1X                             00000005
CCP1Y                             00000004
CCPR1                             00000015
CCPR1H                            00000016
CCPR1L                            00000015
CIS                               00000003
CM0                               00000000
CM1                               00000001
CM2                               00000002
CMCON                             0000001F
CMIE                              00000006
CMIF                              00000006
CREN                              00000004
CSRC                              00000007
DATA_CP_OFF                       00003FFF
DATA_CP_ON                        00003EFF
DC                                00000001
EEADR                             0000009B
EECON1                            0000009C
EECON2                            0000009D
EEDATA                            0000009A
EEIE                              00000007
EEIF                              00000007
F                                 00000001
FERR                              00000002
FSR                               00000004
GIE                               00000007
INDF                              00000000
INTCON                            0000000B
INTE                              00000004
INTEDG                            00000006
INTF                              00000001
IRP                               00000007
NOT_BO                            00000000
NOT_BOD                           00000000
NOT_BOR                           00000000
NOT_PD                            00000003
NOT_POR                           00000001
MPASM  5.51               PRACTICETURNING.ASM   3-10-2014  5:17:03         PAGE  5


SYMBOL TABLE
  LABEL                             VALUE 

NOT_RBPU                          00000007
NOT_T1SYNC                        00000002
NOT_TO                            00000004
OERR                              00000001
OPTION_REG                        00000081
OSCF                              00000003
PCL                               00000002
PCLATH                            0000000A
PCON                              0000008E
PEIE                              00000006
PIE1                              0000008C
PIR1                              0000000C
PORTA                             00000005
PORTB                             00000006
PR2                               00000092
PS0                               00000000
PS1                               00000001
PS2                               00000002
PSA                               00000003
RA0                               00000000
RA1                               00000001
RA2                               00000002
RA3                               00000003
RA4                               00000004
RA5                               00000005
RA6                               00000006
RA7                               00000007
RB0                               00000000
RB1                               00000001
RB2                               00000002
RB3                               00000003
RB4                               00000004
RB5                               00000005
RB6                               00000006
RB7                               00000007
RBIE                              00000003
RBIF                              00000000
RCIE                              00000005
RCIF                              00000005
RCREG                             0000001A
RCSTA                             00000018
RD                                00000000
RP0                               00000005
RP1                               00000006
RX9                               00000006
RX9D                              00000000
SPBRG                             00000099
SPEN                              00000007
SREN                              00000005
STATUS                            00000003
SYNC                              00000004
T0CS                              00000005
T0IE                              00000005
MPASM  5.51               PRACTICETURNING.ASM   3-10-2014  5:17:03         PAGE  6


SYMBOL TABLE
  LABEL                             VALUE 

T0IF                              00000002
T0SE                              00000004
T1CKPS0                           00000004
T1CKPS1                           00000005
T1CON                             00000010
T1OSCEN                           00000003
T2CKPS0                           00000000
T2CKPS1                           00000001
T2CON                             00000012
TMR0                              00000001
TMR0IE                            00000005
TMR0IF                            00000002
TMR1                              0000000E
TMR1CS                            00000001
TMR1H                             0000000F
TMR1IE                            00000000
TMR1IF                            00000000
TMR1L                             0000000E
TMR1ON                            00000000
TMR2                              00000011
TMR2IE                            00000001
TMR2IF                            00000001
TMR2ON                            00000002
TOUTPS0                           00000003
TOUTPS1                           00000004
TOUTPS2                           00000005
TOUTPS3                           00000006
TRISA                             00000085
TRISA0                            00000000
TRISA1                            00000001
TRISA2                            00000002
TRISA3                            00000003
TRISA4                            00000004
TRISA5                            00000005
TRISA6                            00000006
TRISA7                            00000007
TRISB                             00000086
TRISB0                            00000000
TRISB1                            00000001
TRISB2                            00000002
TRISB3                            00000003
TRISB4                            00000004
TRISB5                            00000005
TRISB6                            00000006
TRISB7                            00000007
TRMT                              00000001
TX9                               00000006
TX9D                              00000000
TXEN                              00000005
TXIE                              00000004
TXIF                              00000004
TXREG                             00000019
TXSTA                             00000098
MPASM  5.51               PRACTICETURNING.ASM   3-10-2014  5:17:03         PAGE  7


SYMBOL TABLE
  LABEL                             VALUE 

VR0                               00000000
VR1                               00000001
VR2                               00000002
VR3                               00000003
VRCON                             0000009F
VREN                              00000007
VROE                              00000006
VRR                               00000005
W                                 00000000
WR                                00000001
WREN                              00000002
WRERR                             00000003
Z                                 00000002
_BODEN_OFF                        00003FBF
_BODEN_ON                         00003FFF
_BOREN_OFF                        00003FBF
_BOREN_ON                         00003FFF
_CONFIG                           00002007
_CPD_OFF                          00003FFF
_CPD_ON                           00003EFF
_CP_50                            00002BFF
_CP_75                            000017FF
_CP_ALL                           000003FF
_CP_OFF                           00003FFF
_DEVID1                           00002006
_ER_OSC_CLKOUT                    00003FFF
_ER_OSC_NOCLKOUT                  00003FFE
_EXTCLK_OSC                       00003FEF
_FOSC_ECIO                        00003FEF
_FOSC_ERCLK                       00003FFF
_FOSC_ERIO                        00003FFE
_FOSC_HS                          00003FEE
_FOSC_INTOSCCLK                   00003FFD
_FOSC_INTOSCIO                    00003FFC
_FOSC_LP                          00003FEC
_FOSC_XT                          00003FED
_HS_OSC                           00003FEE
_IDLOC0                           00002000
_IDLOC1                           00002001
_IDLOC2                           00002002
_IDLOC3                           00002003
_INTRC_OSC_CLKOUT                 00003FFD
_INTRC_OSC_NOCLKOUT               00003FFC
_LP_OSC                           00003FEC
_LVP_OFF                          00003F7F
_LVP_ON                           00003FFF
_MCLRE_OFF                        00003FDF
_MCLRE_ON                         00003FFF
_PWRTE_OFF                        00003FFF
_PWRTE_ON                         00003FF7
_WDTE_OFF                         00003FFB
_WDTE_ON                          00003FFF
_WDT_OFF                          00003FFB
MPASM  5.51               PRACTICETURNING.ASM   3-10-2014  5:17:03         PAGE  8


SYMBOL TABLE
  LABEL                             VALUE 

_WDT_ON                           00003FFF
_XT_OSC                           00003FED
__16F628                          00000001
dReg1                             00000020
dReg2                             00000021
isr                               00000045
leftStart                         00000025
main                              00000005
numTurns                          00000022
rightStart                        00000019
turnLeft                          00000023
turnLoop                          00000010
turnRight                         00000017
wait1ms                           0000003A
wait1ms_in                        0000003E
waiter                            0000002F
waiter_in                         00000033


MEMORY USAGE MAP ('X' = Used,  '-' = Unused)

0000 : X---XXXXXXXXXXXX XXXXXXXXXXXXXXXX XXXXXXXXXXXXXXXX XXXXXXXXXXXXXXXX
0040 : XXXXXXX--------- ---------------- ---------------- ----------------
2000 : -------X-------- ---------------- ---------------- ----------------

All other memory blocks unused.

Program Memory Words Used:    68
Program Memory Words Free:  1980


Errors   :     0
Warnings :     1 reported,     0 suppressed
Messages :     3 reported,     0 suppressed

