MPASM  5.51                   P2_RECEIVER.ASM   2-5-2014  3:52:43         PAGE  1


LOC  OBJECT CODE     LINE SOURCE TEXT
  VALUE

                      00001 ;p2_receiver.txt
                      00002 ;Receives information from the p2_transmitter chip, sends information to light up the 7-segment display
                      00003 ;@author: Eddie Gurnee
                      00004 ;@version: 1/02/2014
                      00005 ; uncomment following two lines if using 16f627 or 16f628.
                      00006         LIST    p=16F628                ;tell assembler what chip we are using
                      00007         include "P16F628.inc"   ;include the defaults for the chip
                      00001         LIST
                      00002 
                      00003 ;==========================================================================
                      00004 ;  MPASM PIC16F628 processor include
                      00005 ; 
                      00006 ;  (c) Copyright 1999-2013 Microchip Technology, All rights reserved
                      00007 ;==========================================================================
                      00008 
                      00381         LIST
2007   3D18           00008         __config 0x3D18                 ;sets the configuration settings (oscillator type etc.)
                      00009 
                      00010 ; We are telling the assembler we want to start allocating symbolic variables starting
                      00011 ;    at machine location 0x20.
                      00012 
Warning[205]: Found directive in column 1. (cblock)
                      00013 cblock  0x20                    ;start of general purpose registers
  00000020            00014                 count1                  ;used in delay routine
  00000021            00015                 counta                  ;used in delay routine 
  00000022            00016                 countb                  ;used in delay routine
  00000023            00017                 led_0
  00000024            00018                 led_1
  00000025            00019                 led_2
  00000026            00020                 led_3
  00000027            00021                 led_4
  00000028            00022                 led_5
  00000029            00023                 led_6
  0000002A            00024                 led_7
                      00025         endc
                      00026 
                      00027 ;the following lines turn off the comparators
0000   3007           00028         movlw   0x07
0001   009F           00029         movwf   CMCON           ;turn comparators off (make it like a 16F84)
                      00030         
                      00031 ;We must change memory banks to set the TRIS registers
                      00032 
0002   1683           00033         bsf             STATUS,RP0
0003   3000           00034         movlw   0x00
Message[302]: Register in operand not in bank 0.  Ensure that bank bits are correct.
0004   0086           00035         movwf   TRISB                   ;PORTB is output
0005   30FF           00036         movlw   0xff
Message[302]: Register in operand not in bank 0.  Ensure that bank bits are correct.
0006   0085           00037         movwf   TRISA                   ;PORTA is input
0007   1283           00038         bcf             STATUS,RP0              ;return to bank 0
                      00039 
                      00040 ;actual code follows here
0008   303F           00041                         movlw   b'00111111'
MPASM  5.51                   P2_RECEIVER.ASM   2-5-2014  3:52:43         PAGE  2


LOC  OBJECT CODE     LINE SOURCE TEXT
  VALUE

0009   00A3           00042                         movwf   led_0
000A   3006           00043                         movlw   b'00000110'
000B   00A4           00044                         movwf   led_1
000C   305B           00045                         movlw   b'01011011'
000D   00A5           00046                         movwf   led_2
000E   304F           00047                         movlw   b'01001111'
000F   00A6           00048                         movwf   led_3
0010   3066           00049                         movlw   b'01100110'
0011   00A7           00050                         movwf   led_4
0012   306D           00051                         movlw   b'01101101'
0013   00A8           00052                         movwf   led_5
0014   307D           00053                         movlw   b'01111101'
0015   00A9           00054                         movwf   led_6
0016   3007           00055                         movlw   b'00000111'
0017   00AA           00056                         movwf   led_7
                      00057         
Warning[207]: Found label after column 1. (start)
0018   0823           00058         start   movf    led_0, w
0019   2029           00059                         call    display
001A   0824           00060                         movf    led_1, w
001B   2029           00061                         call    display
001C   0825           00062                         movf    led_2, w
001D   2029           00063                         call    display
001E   0826           00064                         movf    led_3, w
001F   2029           00065                         call    display
0020   0827           00066                         movf    led_4, w
0021   2029           00067                         call    display
0022   0828           00068                         movf    led_5, w
0023   2029           00069                         call    display
0024   0829           00070                         movf    led_6, w
0025   2029           00071                         call    display
0026   082A           00072                         movf    led_7, w
0027   2029           00073                         call    display
0028   2818           00074                         goto    start
                      00075                                 
                      00076 ;Subroutine: display
                      00077 ;Displays a digit on a seven-segment display
                      00078 ;Precondition: the hexcode for a 7-segment display digit is in the 'w' register
                      00079 ;Postcondition: the digit is displayed on the 7-segment display, and ~250 milliseconds pass
0029   0086           00080 display movwf   PORTB
002A   203F           00081                 call    del_250
002B   203F           00082                 call    del_250
002C   203F           00083                 call    del_250
002D   203F           00084                 call    del_250
002E   0186           00085                 clrf    PORTB
002F   1283           00086                 bcf             STATUS,RP0
0030   2037           00087                 call    del_10
0031   0008           00088                 return
                      00089                 
                      00090 ;Subroutine: delay
                      00091 ;Delays for a span of time - taken directly from http://www.emunix.emich.edu/~sverdlik/COSC422/PICDelay.
                            html
                      00092 ;Made a few adjustments for style
MPASM  5.51                   P2_RECEIVER.ASM   2-5-2014  3:52:43         PAGE  3


LOC  OBJECT CODE     LINE SOURCE TEXT
  VALUE

                      00093 ;Precondition: nothing specific
                      00094 ;Postcondition: the program delays for a variety of times, and 0x00 is in the 'w' register
0032   3400           00095 del_0   retlw   0x00                    ;delay 0ms - return immediately
0033   3001           00096 del_1   movlw   0x01                    ;delay 1ms
0034   2840           00097                 goto    delay
0035   3005           00098 del_5   movlw   0x05                    ;delay 5ms
0036   2840           00099                 goto    delay
0037   300A           00100 del_10  movlw   0x0A                    ;delay 10ms
0038   2840           00101                 goto    delay
0039   3014           00102 del_20  movlw   0x14                    ;delay 20ms
003A   2840           00103                 goto    delay
003B   3032           00104 del_50  movlw   0x32                    ;delay 50ms
003C   2840           00105                 goto    delay
003D   3064           00106 del_100 movlw   0x64                    ;delay 100ms
003E   2840           00107                 goto    delay
003F   30FA           00108 del_250 movlw   0xFA                    ;delay 250ms
                      00109 
0040   00A0           00110 delay   movwf   count1
0041   30C7           00111 d_in    movlw   0xC7                    ;delay 1mS
0042   00A1           00112                 movwf   counta
0043   3001           00113                 movlw   0x01
0044   00A2           00114                 movwf   countb
0045   0BA1           00115 d_loop  decfsz  counta, f
0046   2848           00116                 goto    $+2
0047   0BA2           00117                 decfsz  countb, f
0048   2845           00118                 goto    d_loop
0049   0BA0           00119                 decfsz  count1  ,f
004A   2841           00120                 goto    d_in
004B   3400           00121                 retlw   0x00
                      00122 
                      00123 
                      00124 ; don't forget the word 'end' (it ends the code)
                      00125         end
MPASM  5.51                   P2_RECEIVER.ASM   2-5-2014  3:52:43         PAGE  4


SYMBOL TABLE
  LABEL                             VALUE 

ADDEN                             00000003
ADEN                              00000003
BRGH                              00000002
C                                 00000000
C1INV                             00000004
C1OUT                             00000006
C2INV                             00000005
C2OUT                             00000007
CCP1CON                           00000017
CCP1IE                            00000002
CCP1IF                            00000002
CCP1M0                            00000000
CCP1M1                            00000001
CCP1M2                            00000002
CCP1M3                            00000003
CCP1X                             00000005
CCP1Y                             00000004
CCPR1                             00000015
CCPR1H                            00000016
CCPR1L                            00000015
CIS                               00000003
CM0                               00000000
CM1                               00000001
CM2                               00000002
CMCON                             0000001F
CMIE                              00000006
CMIF                              00000006
CREN                              00000004
CSRC                              00000007
DATA_CP_OFF                       00003FFF
DATA_CP_ON                        00003EFF
DC                                00000001
EEADR                             0000009B
EECON1                            0000009C
EECON2                            0000009D
EEDATA                            0000009A
EEIE                              00000007
EEIF                              00000007
F                                 00000001
FERR                              00000002
FSR                               00000004
GIE                               00000007
INDF                              00000000
INTCON                            0000000B
INTE                              00000004
INTEDG                            00000006
INTF                              00000001
IRP                               00000007
NOT_BO                            00000000
NOT_BOD                           00000000
NOT_BOR                           00000000
NOT_PD                            00000003
NOT_POR                           00000001
MPASM  5.51                   P2_RECEIVER.ASM   2-5-2014  3:52:43         PAGE  5


SYMBOL TABLE
  LABEL                             VALUE 

NOT_RBPU                          00000007
NOT_T1SYNC                        00000002
NOT_TO                            00000004
OERR                              00000001
OPTION_REG                        00000081
OSCF                              00000003
PCL                               00000002
PCLATH                            0000000A
PCON                              0000008E
PEIE                              00000006
PIE1                              0000008C
PIR1                              0000000C
PORTA                             00000005
PORTB                             00000006
PR2                               00000092
PS0                               00000000
PS1                               00000001
PS2                               00000002
PSA                               00000003
RA0                               00000000
RA1                               00000001
RA2                               00000002
RA3                               00000003
RA4                               00000004
RA5                               00000005
RA6                               00000006
RA7                               00000007
RB0                               00000000
RB1                               00000001
RB2                               00000002
RB3                               00000003
RB4                               00000004
RB5                               00000005
RB6                               00000006
RB7                               00000007
RBIE                              00000003
RBIF                              00000000
RCIE                              00000005
RCIF                              00000005
RCREG                             0000001A
RCSTA                             00000018
RD                                00000000
RP0                               00000005
RP1                               00000006
RX9                               00000006
RX9D                              00000000
SPBRG                             00000099
SPEN                              00000007
SREN                              00000005
STATUS                            00000003
SYNC                              00000004
T0CS                              00000005
T0IE                              00000005
MPASM  5.51                   P2_RECEIVER.ASM   2-5-2014  3:52:43         PAGE  6


SYMBOL TABLE
  LABEL                             VALUE 

T0IF                              00000002
T0SE                              00000004
T1CKPS0                           00000004
T1CKPS1                           00000005
T1CON                             00000010
T1OSCEN                           00000003
T2CKPS0                           00000000
T2CKPS1                           00000001
T2CON                             00000012
TMR0                              00000001
TMR0IE                            00000005
TMR0IF                            00000002
TMR1                              0000000E
TMR1CS                            00000001
TMR1H                             0000000F
TMR1IE                            00000000
TMR1IF                            00000000
TMR1L                             0000000E
TMR1ON                            00000000
TMR2                              00000011
TMR2IE                            00000001
TMR2IF                            00000001
TMR2ON                            00000002
TOUTPS0                           00000003
TOUTPS1                           00000004
TOUTPS2                           00000005
TOUTPS3                           00000006
TRISA                             00000085
TRISA0                            00000000
TRISA1                            00000001
TRISA2                            00000002
TRISA3                            00000003
TRISA4                            00000004
TRISA5                            00000005
TRISA6                            00000006
TRISA7                            00000007
TRISB                             00000086
TRISB0                            00000000
TRISB1                            00000001
TRISB2                            00000002
TRISB3                            00000003
TRISB4                            00000004
TRISB5                            00000005
TRISB6                            00000006
TRISB7                            00000007
TRMT                              00000001
TX9                               00000006
TX9D                              00000000
TXEN                              00000005
TXIE                              00000004
TXIF                              00000004
TXREG                             00000019
TXSTA                             00000098
MPASM  5.51                   P2_RECEIVER.ASM   2-5-2014  3:52:43         PAGE  7


SYMBOL TABLE
  LABEL                             VALUE 

VR0                               00000000
VR1                               00000001
VR2                               00000002
VR3                               00000003
VRCON                             0000009F
VREN                              00000007
VROE                              00000006
VRR                               00000005
W                                 00000000
WR                                00000001
WREN                              00000002
WRERR                             00000003
Z                                 00000002
_BODEN_OFF                        00003FBF
_BODEN_ON                         00003FFF
_BOREN_OFF                        00003FBF
_BOREN_ON                         00003FFF
_CONFIG                           00002007
_CPD_OFF                          00003FFF
_CPD_ON                           00003EFF
_CP_50                            00002BFF
_CP_75                            000017FF
_CP_ALL                           000003FF
_CP_OFF                           00003FFF
_DEVID1                           00002006
_ER_OSC_CLKOUT                    00003FFF
_ER_OSC_NOCLKOUT                  00003FFE
_EXTCLK_OSC                       00003FEF
_FOSC_ECIO                        00003FEF
_FOSC_ERCLK                       00003FFF
_FOSC_ERIO                        00003FFE
_FOSC_HS                          00003FEE
_FOSC_INTOSCCLK                   00003FFD
_FOSC_INTOSCIO                    00003FFC
_FOSC_LP                          00003FEC
_FOSC_XT                          00003FED
_HS_OSC                           00003FEE
_IDLOC0                           00002000
_IDLOC1                           00002001
_IDLOC2                           00002002
_IDLOC3                           00002003
_INTRC_OSC_CLKOUT                 00003FFD
_INTRC_OSC_NOCLKOUT               00003FFC
_LP_OSC                           00003FEC
_LVP_OFF                          00003F7F
_LVP_ON                           00003FFF
_MCLRE_OFF                        00003FDF
_MCLRE_ON                         00003FFF
_PWRTE_OFF                        00003FFF
_PWRTE_ON                         00003FF7
_WDTE_OFF                         00003FFB
_WDTE_ON                          00003FFF
_WDT_OFF                          00003FFB
MPASM  5.51                   P2_RECEIVER.ASM   2-5-2014  3:52:43         PAGE  8


SYMBOL TABLE
  LABEL                             VALUE 

_WDT_ON                           00003FFF
_XT_OSC                           00003FED
__16F628                          00000001
count1                            00000020
counta                            00000021
countb                            00000022
d_in                              00000041
d_loop                            00000045
del_0                             00000032
del_1                             00000033
del_10                            00000037
del_100                           0000003D
del_20                            00000039
del_250                           0000003F
del_5                             00000035
del_50                            0000003B
delay                             00000040
display                           00000029
led_0                             00000023
led_1                             00000024
led_2                             00000025
led_3                             00000026
led_4                             00000027
led_5                             00000028
led_6                             00000029
led_7                             0000002A
start                             00000018


MEMORY USAGE MAP ('X' = Used,  '-' = Unused)

0000 : XXXXXXXXXXXXXXXX XXXXXXXXXXXXXXXX XXXXXXXXXXXXXXXX XXXXXXXXXXXXXXXX
0040 : XXXXXXXXXXXX---- ---------------- ---------------- ----------------
2000 : -------X-------- ---------------- ---------------- ----------------

All other memory blocks unused.

Program Memory Words Used:    76
Program Memory Words Free:  1972


Errors   :     0
Warnings :     2 reported,     0 suppressed
Messages :     2 reported,     0 suppressed

