MPASM  5.51                      PROJECT1.ASM   2-5-2014  3:34:25         PAGE  1


LOC  OBJECT CODE     LINE SOURCE TEXT
  VALUE

                      00001 ;Project1.txt
                      00002 ;Makes an LED flash on for 275 milliseconds, then turns off for 180 milliseconds.
                      00003 ;@author: Eddie Gurnee
                      00004 ;@version: 1/02/2014
                      00005 ; uncomment following two lines if using 16f627 or 16f628. config uses internal oscillator
                      00006         LIST    p=16F628                ;tell assembler what chip we are using
                      00007         include "P16F628.inc"           ;include the defaults for the chip
                      00001         LIST
                      00002 
                      00003 ;==========================================================================
                      00004 ;  MPASM PIC16F628 processor include
                      00005 ; 
                      00006 ;  (c) Copyright 1999-2013 Microchip Technology, All rights reserved
                      00007 ;==========================================================================
                      00008 
                      00381         LIST
2007   3D18           00008         __config 0x3D18                 ;sets the configuration settings (oscillator type etc.)
                      00009 
                      00010 ; DECLARE VARIABLES!!!!!!
                      00011 ; We are telling the assembler we want to start allocating symbolic variables starting
                      00012 ;    at machine location 0x20. Please refer to technical documents to see if this is OK!!
                      00013 
Warning[205]: Found directive in column 1. (cblock)
                      00014 cblock  0x20            ;start of general purpose registers
  00000020            00015                 count1          ;
  00000021            00016                 counta          ;
  00000022            00017                 countb          ;
                      00018         endc
                      00019 
                      00020 ;un-comment the following two lines if using 16f627 or 16f628
                      00021 ; FORGET THESE 2 LINES AND FUNNY STUFF HAPPENS
0000   3007           00022         movlw   0x07
0001   009F           00023         movwf   CMCON                   ;turn comparators off (make it like a 16F84)
                      00024         
                      00025 ; The following is very typical. We must change memory banks to set the TRIS registers
                      00026 
0002   1683           00027         bsf             STATUS,RP0
0003   3000           00028         movlw   0x00
Message[302]: Register in operand not in bank 0.  Ensure that bank bits are correct.
0004   0086           00029         movwf   TRISB                   ;portb is output
0005   30FF           00030         movlw   0xff
Message[302]: Register in operand not in bank 0.  Ensure that bank bits are correct.
0006   0085           00031         movwf   TRISA                   ;porta is input
0007   1283           00032         bcf             STATUS,RP0              ;return to bank 0
                      00033 
                      00034 ;start main code here
                      00035         
Warning[207]: Found label after column 1. (start)
0008   3000           00036         start           movlw   0x00            
0009   0086           00037                                 movwf   PORTB           ;light is off at the execution of this line
000A   200F           00038                                 call    delay275        ;
                      00039                         
000B   30FF           00040                                 movlw   0xFF
MPASM  5.51                      PROJECT1.ASM   2-5-2014  3:34:25         PAGE  2


LOC  OBJECT CODE     LINE SOURCE TEXT
  VALUE

000C   0086           00041                                 movwf   PORTB           ;light is on at the execution of this line
000D   2013           00042                                 call    delay180        ;
000E   2808           00043                                 goto    start
                      00044                                 
000F   2025           00045 delay275                call    Del250
0010   201F           00046                                 call    Del20
0011   201B           00047                                 call    Del5
0012   0008           00048                                 return
                      00049 
0013   2023           00050 delay180                call    Del100
0014   2021           00051                                 call    Del50
0015   201F           00052                                 call    Del20
0016   201D           00053                                 call    Del10
0017   0008           00054                                 return
                      00055                                 
0018   3400           00056 Del0    retlw   0x00                    ;delay 0mS - return immediately
0019   3001           00057 Del1    movlw   d'1'                    ;delay 1mS
001A   2826           00058                 goto    Delay
001B   3005           00059 Del5    movlw   d'5'                    ;delay 5mS
001C   2826           00060                 goto    Delay
001D   300A           00061 Del10   movlw   d'10'                   ;delay 10mS
001E   2826           00062                 goto    Delay
001F   3014           00063 Del20   movlw   d'20'                   ;delay 20mS
0020   2826           00064                 goto    Delay
0021   3032           00065 Del50   movlw   d'50'                   ;delay 50mS
0022   2826           00066                 goto    Delay
0023   3064           00067 Del100  movlw   d'100'                  ;delay 100mS
0024   2826           00068                 goto    Delay
0025   30FA           00069 Del250  movlw   d'250'                  ;delay 250 ms
0026   00A0           00070 Delay   movwf   count1
0027   30C7           00071 d1              movlw   0xC7                    ;delay 1mS
0028   00A1           00072                 movwf   counta
0029   3001           00073                 movlw   0x01
002A   00A2           00074                 movwf   countb
002B                  00075 Delay_0
002B   0BA1           00076                 decfsz  counta, f
002C   282E           00077                 goto    $+2
002D   0BA2           00078                 decfsz  countb, f
002E   282B           00079                 goto    Delay_0
                      00080 
002F   0BA0           00081                 decfsz  count1, f
0030   2827           00082                 goto    d1
0031   3400           00083                 retlw   0x00
                      00084 
                      00085         
                      00086 ; don't forget the word 'end'
                      00087         end
MPASM  5.51                      PROJECT1.ASM   2-5-2014  3:34:25         PAGE  3


SYMBOL TABLE
  LABEL                             VALUE 

ADDEN                             00000003
ADEN                              00000003
BRGH                              00000002
C                                 00000000
C1INV                             00000004
C1OUT                             00000006
C2INV                             00000005
C2OUT                             00000007
CCP1CON                           00000017
CCP1IE                            00000002
CCP1IF                            00000002
CCP1M0                            00000000
CCP1M1                            00000001
CCP1M2                            00000002
CCP1M3                            00000003
CCP1X                             00000005
CCP1Y                             00000004
CCPR1                             00000015
CCPR1H                            00000016
CCPR1L                            00000015
CIS                               00000003
CM0                               00000000
CM1                               00000001
CM2                               00000002
CMCON                             0000001F
CMIE                              00000006
CMIF                              00000006
CREN                              00000004
CSRC                              00000007
DATA_CP_OFF                       00003FFF
DATA_CP_ON                        00003EFF
DC                                00000001
Del0                              00000018
Del1                              00000019
Del10                             0000001D
Del100                            00000023
Del20                             0000001F
Del250                            00000025
Del5                              0000001B
Del50                             00000021
Delay                             00000026
Delay_0                           0000002B
EEADR                             0000009B
EECON1                            0000009C
EECON2                            0000009D
EEDATA                            0000009A
EEIE                              00000007
EEIF                              00000007
F                                 00000001
FERR                              00000002
FSR                               00000004
GIE                               00000007
INDF                              00000000
MPASM  5.51                      PROJECT1.ASM   2-5-2014  3:34:25         PAGE  4


SYMBOL TABLE
  LABEL                             VALUE 

INTCON                            0000000B
INTE                              00000004
INTEDG                            00000006
INTF                              00000001
IRP                               00000007
NOT_BO                            00000000
NOT_BOD                           00000000
NOT_BOR                           00000000
NOT_PD                            00000003
NOT_POR                           00000001
NOT_RBPU                          00000007
NOT_T1SYNC                        00000002
NOT_TO                            00000004
OERR                              00000001
OPTION_REG                        00000081
OSCF                              00000003
PCL                               00000002
PCLATH                            0000000A
PCON                              0000008E
PEIE                              00000006
PIE1                              0000008C
PIR1                              0000000C
PORTA                             00000005
PORTB                             00000006
PR2                               00000092
PS0                               00000000
PS1                               00000001
PS2                               00000002
PSA                               00000003
RA0                               00000000
RA1                               00000001
RA2                               00000002
RA3                               00000003
RA4                               00000004
RA5                               00000005
RA6                               00000006
RA7                               00000007
RB0                               00000000
RB1                               00000001
RB2                               00000002
RB3                               00000003
RB4                               00000004
RB5                               00000005
RB6                               00000006
RB7                               00000007
RBIE                              00000003
RBIF                              00000000
RCIE                              00000005
RCIF                              00000005
RCREG                             0000001A
RCSTA                             00000018
RD                                00000000
RP0                               00000005
MPASM  5.51                      PROJECT1.ASM   2-5-2014  3:34:25         PAGE  5


SYMBOL TABLE
  LABEL                             VALUE 

RP1                               00000006
RX9                               00000006
RX9D                              00000000
SPBRG                             00000099
SPEN                              00000007
SREN                              00000005
STATUS                            00000003
SYNC                              00000004
T0CS                              00000005
T0IE                              00000005
T0IF                              00000002
T0SE                              00000004
T1CKPS0                           00000004
T1CKPS1                           00000005
T1CON                             00000010
T1OSCEN                           00000003
T2CKPS0                           00000000
T2CKPS1                           00000001
T2CON                             00000012
TMR0                              00000001
TMR0IE                            00000005
TMR0IF                            00000002
TMR1                              0000000E
TMR1CS                            00000001
TMR1H                             0000000F
TMR1IE                            00000000
TMR1IF                            00000000
TMR1L                             0000000E
TMR1ON                            00000000
TMR2                              00000011
TMR2IE                            00000001
TMR2IF                            00000001
TMR2ON                            00000002
TOUTPS0                           00000003
TOUTPS1                           00000004
TOUTPS2                           00000005
TOUTPS3                           00000006
TRISA                             00000085
TRISA0                            00000000
TRISA1                            00000001
TRISA2                            00000002
TRISA3                            00000003
TRISA4                            00000004
TRISA5                            00000005
TRISA6                            00000006
TRISA7                            00000007
TRISB                             00000086
TRISB0                            00000000
TRISB1                            00000001
TRISB2                            00000002
TRISB3                            00000003
TRISB4                            00000004
TRISB5                            00000005
MPASM  5.51                      PROJECT1.ASM   2-5-2014  3:34:25         PAGE  6


SYMBOL TABLE
  LABEL                             VALUE 

TRISB6                            00000006
TRISB7                            00000007
TRMT                              00000001
TX9                               00000006
TX9D                              00000000
TXEN                              00000005
TXIE                              00000004
TXIF                              00000004
TXREG                             00000019
TXSTA                             00000098
VR0                               00000000
VR1                               00000001
VR2                               00000002
VR3                               00000003
VRCON                             0000009F
VREN                              00000007
VROE                              00000006
VRR                               00000005
W                                 00000000
WR                                00000001
WREN                              00000002
WRERR                             00000003
Z                                 00000002
_BODEN_OFF                        00003FBF
_BODEN_ON                         00003FFF
_BOREN_OFF                        00003FBF
_BOREN_ON                         00003FFF
_CONFIG                           00002007
_CPD_OFF                          00003FFF
_CPD_ON                           00003EFF
_CP_50                            00002BFF
_CP_75                            000017FF
_CP_ALL                           000003FF
_CP_OFF                           00003FFF
_DEVID1                           00002006
_ER_OSC_CLKOUT                    00003FFF
_ER_OSC_NOCLKOUT                  00003FFE
_EXTCLK_OSC                       00003FEF
_FOSC_ECIO                        00003FEF
_FOSC_ERCLK                       00003FFF
_FOSC_ERIO                        00003FFE
_FOSC_HS                          00003FEE
_FOSC_INTOSCCLK                   00003FFD
_FOSC_INTOSCIO                    00003FFC
_FOSC_LP                          00003FEC
_FOSC_XT                          00003FED
_HS_OSC                           00003FEE
_IDLOC0                           00002000
_IDLOC1                           00002001
_IDLOC2                           00002002
_IDLOC3                           00002003
_INTRC_OSC_CLKOUT                 00003FFD
_INTRC_OSC_NOCLKOUT               00003FFC
MPASM  5.51                      PROJECT1.ASM   2-5-2014  3:34:25         PAGE  7


SYMBOL TABLE
  LABEL                             VALUE 

_LP_OSC                           00003FEC
_LVP_OFF                          00003F7F
_LVP_ON                           00003FFF
_MCLRE_OFF                        00003FDF
_MCLRE_ON                         00003FFF
_PWRTE_OFF                        00003FFF
_PWRTE_ON                         00003FF7
_WDTE_OFF                         00003FFB
_WDTE_ON                          00003FFF
_WDT_OFF                          00003FFB
_WDT_ON                           00003FFF
_XT_OSC                           00003FED
__16F628                          00000001
count1                            00000020
counta                            00000021
countb                            00000022
d1                                00000027
delay180                          00000013
delay275                          0000000F
start                             00000008


MEMORY USAGE MAP ('X' = Used,  '-' = Unused)

0000 : XXXXXXXXXXXXXXXX XXXXXXXXXXXXXXXX XXXXXXXXXXXXXXXX XX--------------
2000 : -------X-------- ---------------- ---------------- ----------------

All other memory blocks unused.

Program Memory Words Used:    50
Program Memory Words Free:  1998


Errors   :     0
Warnings :     2 reported,     0 suppressed
Messages :     2 reported,     0 suppressed

